<?xml version="1.0" encoding="UTF-8"?>
<testng-results ignored="0" total="1" passed="1" failed="0" skipped="0">
  <reporter-output>
  </reporter-output>
  <suite started-at="2024-04-13T03:25:01 EET" name="Default Suite" finished-at="2024-04-13T03:25:05 EET" duration-ms="3450">
    <groups>
    </groups>
    <test started-at="2024-04-13T03:25:01 EET" name="PerfectProject" finished-at="2024-04-13T03:25:05 EET" duration-ms="3450">
      <class name="testCases.LoginTest">
        <test-method is-config="true" signature="set_Up_Envirnoment()[pri:0, instance:testCases.LoginTest@6b419da]" started-at="2024-04-13T03:25:01 EET" name="set_Up_Envirnoment" finished-at="2024-04-13T03:25:04 EET" duration-ms="2685" status="PASS">
          <reporter-output>
          </reporter-output>
        </test-method> <!-- set_Up_Envirnoment -->
        <test-method signature="login()[pri:0, instance:testCases.LoginTest@6b419da]" started-at="2024-04-13T03:25:04 EET" name="login" finished-at="2024-04-13T03:25:05 EET" duration-ms="707" status="PASS">
          <reporter-output>
          </reporter-output>
        </test-method> <!-- login -->
      </class> <!-- testCases.LoginTest -->
    </test> <!-- PerfectProject -->
  </suite> <!-- Default Suite -->
</testng-results>
